<?xml version="1.0" encoding="UTF-8"?>
<!-- Generated by org.testng.reporters.JUnitXMLReporter -->
<testsuite ignored="1" hostname="DESKTOP-FIK5SPH" failures="0" tests="1" name="Default test" time="10.112" errors="0" timestamp="2024-02-13T16:58:37 IST">
  <testcase classname="testScripts.Ethara_artists" name="artists_listing_page_tc" time="4.904"/>
  <testcase classname="testScripts.Ethara_artists" name="artist_details_page_tc" time="0.0">
    <ignored/>
  </testcase> <!-- artist_details_page_tc -->
</testsuite> <!-- Default test -->
