<?xml version="1.0" encoding="UTF-8"?>
<testng-results ignored="0" total="1" passed="1" failed="0" skipped="0">
  <reporter-output>
  </reporter-output>
  <suite started-at="2023-12-18T12:48:21 IST" name="Default suite" finished-at="2023-12-18T12:51:19 IST" duration-ms="178093">
    <groups>
    </groups>
    <test started-at="2023-12-18T12:48:21 IST" name="Default test" finished-at="2023-12-18T12:51:19 IST" duration-ms="178093">
      <class name="testScripts.Ethara_header_menu">
        <test-method is-config="true" signature="launch_bowser()[pri:0, instance:testScripts.Ethara_header_menu@6b81ce95]" started-at="2023-12-18T12:48:21 IST" name="launch_bowser" finished-at="2023-12-18T12:49:12 IST" duration-ms="51447" status="PASS">
          <reporter-output>
          </reporter-output>
        </test-method> <!-- launch_bowser -->
        <test-method signature="menu_options_tc()[pri:0, instance:testScripts.Ethara_header_menu@6b81ce95]" started-at="2023-12-18T12:49:12 IST" name="menu_options_tc" finished-at="2023-12-18T12:51:19 IST" duration-ms="126179" status="PASS">
          <reporter-output>
          </reporter-output>
        </test-method> <!-- menu_options_tc -->
        <test-method is-config="true" signature="close_Browser(org.testng.ITestResult)[pri:0, instance:testScripts.Ethara_header_menu@6b81ce95]" started-at="2023-12-18T12:51:19 IST" name="close_Browser" finished-at="2023-12-18T12:51:19 IST" duration-ms="415" status="PASS">
          <params>
            <param index="0">
              <value>
                <![CDATA[[TestResult name=menu_options_tc status=SUCCESS method=Ethara_header_menu.menu_options_tc()[pri:0, instance:testScripts.Ethara_header_menu@6b81ce95] output={null}]]]>
              </value>
            </param>
          </params>
          <reporter-output>
          </reporter-output>
        </test-method> <!-- close_Browser -->
      </class> <!-- testScripts.Ethara_header_menu -->
    </test> <!-- Default test -->
  </suite> <!-- Default suite -->
</testng-results>
